Added Component: Designator=S1(Switch 6mm 24V (NO))
Add component. Clean all parameters for all variants
Add component (AddParameter): Name = "Configuration_Pole-Throw"; Value = "Single Pole - Single Throw"; VariantName = "[No Variations]"
Add component (AddParameter): Name = "Contact_Current_Rating"; Value = "50 mA"; VariantName = "[No Variations]"
Add component (AddParameter): Name = "Digi-Key_Part_Number"; Value = "450-1804-ND"; VariantName = "[No Variations]"
Add component (AddParameter): Name = "Digi-Key_Purchase_URL"; Value = "https://www.digikey.com/product-detail/en/te-connectivity-alcoswitch-switches/1825910-7/450-1804-ND/1731414?utm_source=snapeda&utm_medium=aggregator&utm_campaign=symbol"; VariantName = "[No Variations]"
Add component (AddParameter): Name = "EU_RoHS_Compliance"; Value = "Compliant"; VariantName = "[No Variations]"
Add component (AddParameter): Name = "MF"; Value = "TE Connectivity"; VariantName = "[No Variations]"
Add component (AddParameter): Name = "MP"; Value = "1825910-7"; VariantName = "[No Variations]"
Add component (AddParameter): Name = "Package"; Value = "None"; VariantName = "[No Variations]"
Add component (AddParameter): Name = "SnapEDA_Link"; Value = "https://www.snapeda.com/parts/1825910-7/TE%20Connectivity%20ALCOSWITCH%20Switches/view-part/?ref=snap"; VariantName = "[No Variations]"
Add component (AddParameter): Name = "TE_purchase_URL"; Value = "https://www.te.com/usa-en/product-1825910-7.html?te_bu=Cor&te_type=disp&te_campaign=seda_glo_cor-seda-global-disp-prtnr-fy19-seda-model-bom-cta_sma-317_1&elqCampaignId=32493"; VariantName = "[No Variations]"
Add component (AddParameter): Name = "Value"; Value = ""; VariantName = "[No Variations]"
Added Component: Designator=S2(Switch 6mm 24V (NO))
Add component. Clean all parameters for all variants
Add component (AddParameter): Name = "Configuration_Pole-Throw"; Value = "Single Pole - Single Throw"; VariantName = "[No Variations]"
Add component (AddParameter): Name = "Contact_Current_Rating"; Value = "50 mA"; VariantName = "[No Variations]"
Add component (AddParameter): Name = "Digi-Key_Part_Number"; Value = "450-1804-ND"; VariantName = "[No Variations]"
Add component (AddParameter): Name = "Digi-Key_Purchase_URL"; Value = "https://www.digikey.com/product-detail/en/te-connectivity-alcoswitch-switches/1825910-7/450-1804-ND/1731414?utm_source=snapeda&utm_medium=aggregator&utm_campaign=symbol"; VariantName = "[No Variations]"
Add component (AddParameter): Name = "EU_RoHS_Compliance"; Value = "Compliant"; VariantName = "[No Variations]"
Add component (AddParameter): Name = "MF"; Value = "TE Connectivity"; VariantName = "[No Variations]"
Add component (AddParameter): Name = "MP"; Value = "1825910-7"; VariantName = "[No Variations]"
Add component (AddParameter): Name = "Package"; Value = "None"; VariantName = "[No Variations]"
Add component (AddParameter): Name = "SnapEDA_Link"; Value = "https://www.snapeda.com/parts/1825910-7/TE%20Connectivity%20ALCOSWITCH%20Switches/view-part/?ref=snap"; VariantName = "[No Variations]"
Add component (AddParameter): Name = "TE_purchase_URL"; Value = "https://www.te.com/usa-en/product-1825910-7.html?te_bu=Cor&te_type=disp&te_campaign=seda_glo_cor-seda-global-disp-prtnr-fy19-seda-model-bom-cta_sma-317_1&elqCampaignId=32493"; VariantName = "[No Variations]"
Add component (AddParameter): Name = "Value"; Value = ""; VariantName = "[No Variations]"
Added Pin To Net: NetName=NetJ3_10 Pin=S1-1
Added Pin To Net: NetName=NetJ3_10 Pin=S1-2
Added Pin To Net: NetName=GND Pin=S1-3
Added Pin To Net: NetName=GND Pin=S1-4
Added Pin To Net: NetName=GND Pin=S2-1
Added Pin To Net: NetName=GND Pin=S2-2
Added Pin To Net: NetName=NetQ1_2 Pin=S2-3
Added Pin To Net: NetName=NetQ1_2 Pin=S2-4
Added Member To Class: ClassName=Power Schematic Member=Component R1 56.2K
Added Member To Class: ClassName=STM Schematic Member=Component S1 1825910-7
Added Member To Class: ClassName=Power Schematic Member=Component S2 1825910-7
Added Room: Name=CAN Schematic
Added Room: Name=Current Sense Schematic
Added Room: Name=Power Schematic
Added Room: Name=STM Schematic
