Removed Pin From Net: NetName=GND Pin=T1-3
Removed Pin From Net: NetName=+3.3 Pin=T1-4
Removed Pin From Net: NetName=NetC8_1 Pin=T1-5
Removed Pin From Net: NetName=NetIC2_7 Pin=T2-1
Removed Member From Class: ClassName=Current Sensing Chematic Member=T2
Added Component: Designator=R16(RESC2013X70X40LL20T20)
Add component. Clean all parameters for all variants
Add component (AddParameter): Name = "Datasheet"; Value = "http://industrial.panasonic.com/cdbs/www-data/pdf/RDA0000/AOA0000C86.pdf"; VariantName = "[No Variations]"
Add component (AddParameter): Name = "Manufacturer"; Value = "Panasonic"; VariantName = "[No Variations]"
Add component (AddParameter): Name = "Part Number"; Value = "ERJ-6ENF1503V"; VariantName = "[No Variations]"
Added Component: Designator=R17(RESC2013X70X40LL20T20)
Add component. Clean all parameters for all variants
Add component (AddParameter): Name = "Datasheet"; Value = "http://industrial.panasonic.com/cdbs/www-data/pdf/RDA0000/AOA0000C86.pdf"; VariantName = "[No Variations]"
Add component (AddParameter): Name = "Manufacturer"; Value = "Panasonic"; VariantName = "[No Variations]"
Add component (AddParameter): Name = "Part Number"; Value = "ERJ-6ENF1503V"; VariantName = "[No Variations]"
Added Component: Designator=R18(RESC2013X70X40LL20T20)
Add component. Clean all parameters for all variants
Add component (AddParameter): Name = "Datasheet"; Value = "http://industrial.panasonic.com/cdbs/www-data/pdf/RDA0000/AOA0000C86.pdf"; VariantName = "[No Variations]"
Add component (AddParameter): Name = "Manufacturer"; Value = "Panasonic"; VariantName = "[No Variations]"
Add component (AddParameter): Name = "Part Number"; Value = "ERJ-6ENF1503V"; VariantName = "[No Variations]"
Added Component: Designator=R19(RESC2013X70X40LL20T20)
Add component. Clean all parameters for all variants
Add component (AddParameter): Name = "Datasheet"; Value = "http://industrial.panasonic.com/cdbs/www-data/pdf/RDA0000/AOA0000C86.pdf"; VariantName = "[No Variations]"
Add component (AddParameter): Name = "Manufacturer"; Value = "Panasonic"; VariantName = "[No Variations]"
Add component (AddParameter): Name = "Part Number"; Value = "ERJ-6ENF1503V"; VariantName = "[No Variations]"
Added Pin To Net: NetName=GND Pin=IC2-6
Added Pin To Net: NetName=+3.3 Pin=R16-1
Added Pin To Net: NetName=NetIC1_51 Pin=R16-2
Added Pin To Net: NetName=GND Pin=R17-1
Added Pin To Net: NetName=NetIC1_49 Pin=R17-2
Added Pin To Net: NetName=+3.3 Pin=R18-1
Added Pin To Net: NetName=NetIC1_50 Pin=R18-2
Added Pin To Net: NetName=+3.3 Pin=R19-1
Added Pin To Net: NetName=NetIC1_55 Pin=R19-2
Added Pin To Net: NetName=+5 Pin=T1-3
Added Pin To Net: NetName=NetC8_1 Pin=T1-4
Added Pin To Net: NetName=+3.3 Pin=T1-5
Added Member To Class: ClassName=Current Sensing Chematic Member=Component R16 10k
Added Member To Class: ClassName=Current Sensing Chematic Member=Component R17 10k
Added Member To Class: ClassName=Current Sensing Chematic Member=Component R18 10k
Added Member To Class: ClassName=Current Sensing Chematic Member=Component R19 10k
Added Member To Class: ClassName=Current Sensing Chematic Member=Component T1 AP2127K-4.75TRG1
Added Room: Name=Current Sensing Chematic
