Added Component: Designator=C9(CAPC0805(2012)75_L)
Add component. Clean all parameters for all variants
Add component (AddParameter): Name = "Case-EIA"; Value = "0805"; VariantName = "[No Variations]"
Add component (AddParameter): Name = "Case-Metric"; Value = "2012"; VariantName = "[No Variations]"
Add component (AddParameter): Name = "Max Thickness"; Value = "0.75 mm"; VariantName = "[No Variations]"
Add component (AddParameter): Name = "Rated Voltage"; Value = "50 V"; VariantName = "[No Variations]"
Add component (AddParameter): Name = "Technology"; Value = "SMT"; VariantName = "[No Variations]"
Add component (AddParameter): Name = "Tolerance"; Value = "±0.1pF"; VariantName = "[No Variations]"
Add component (AddParameter): Name = "Value"; Value = "2.7pF"; VariantName = "[No Variations]"
Added Component: Designator=C10(CAPC0805(2012)75_L)
Add component. Clean all parameters for all variants
Add component (AddParameter): Name = "Case-EIA"; Value = "0805"; VariantName = "[No Variations]"
Add component (AddParameter): Name = "Case-Metric"; Value = "2012"; VariantName = "[No Variations]"
Add component (AddParameter): Name = "Max Thickness"; Value = "0.75 mm"; VariantName = "[No Variations]"
Add component (AddParameter): Name = "Rated Voltage"; Value = "50 V"; VariantName = "[No Variations]"
Add component (AddParameter): Name = "Technology"; Value = "SMT"; VariantName = "[No Variations]"
Add component (AddParameter): Name = "Tolerance"; Value = "±0.1pF"; VariantName = "[No Variations]"
Add component (AddParameter): Name = "Value"; Value = "2.7pF"; VariantName = "[No Variations]"
Added Pin To Net: NetName=+3.3 Pin=C9-1
Added Pin To Net: NetName=GND Pin=C9-2
Added Pin To Net: NetName=+3.3 Pin=C10-1
Added Pin To Net: NetName=GND Pin=C10-2
Added Member To Class: ClassName=Current Sensing Chematic Member=Component C9 CAP 100pF
Added Member To Class: ClassName=Current Sensing Chematic Member=Component C10 CAP 100pF
Added Room: Name=Current Sensing Chematic
